This file contains any messages produced by compilers while
running configure, to aid debugging if configure makes a mistake.

It was created by configure, which was
generated by GNU Autoconf 2.57.  Invocation command line was

  $ ./configure 

## --------- ##
## Platform. ##
## --------- ##

hostname = hirn
uname -m = i686
uname -r = 2.4.21-199-default
uname -s = Linux
uname -v = #1 Fri Mar 12 08:27:41 UTC 2004

/usr/bin/uname -p = unknown
/bin/uname -X     = unknown

/bin/arch              = i686
/usr/bin/arch -k       = unknown
/usr/convex/getsysinfo = unknown
hostinfo               = unknown
/bin/machine           = unknown
/usr/bin/oslevel       = unknown
/bin/universe          = unknown

PATH: /home/danirus/bin
PATH: /usr/local/bin
PATH: /usr/bin
PATH: /usr/X11R6/bin
PATH: /bin
PATH: /usr/games
PATH: /opt/gnome/bin
PATH: /opt/kde3/bin


## ----------- ##
## Core tests. ##
## ----------- ##

configure:1236: checking for a BSD-compatible install
configure:1290: result: /usr/bin/install -c
configure:1301: checking whether build environment is sane
configure:1344: result: yes
configure:1377: checking for gawk
configure:1393: found /usr/bin/gawk
configure:1403: result: gawk
configure:1413: checking whether make sets $(MAKE)
configure:1433: result: yes
configure:1610: checking for correct TEA configuration
configure:1619: result: ok
configure:1692: checking for Tcl configuration
configure:1764: result: found /usr/lib/tclConfig.sh
configure:1770: checking for existence of /usr/lib/tclConfig.sh
configure:1774: result: loading
configure:1835: WARNING: --prefix defaulting to TCL_PREFIX /usr
configure:1844: WARNING: --exec-prefix defaulting to TCL_EXEC_PREFIX /usr
configure:1866: checking for a BSD-compatible install
configure:1920: result: /usr/bin/install -c
configure:1931: checking whether ln -s works
configure:1935: result: yes
configure:1942: checking whether make sets $(MAKE)
configure:1962: result: yes
configure:1973: checking for tclsh
configure:2004: result: /usr/lib/../bin/tclsh8.4
configure:2014: checking for wish
configure:2045: result: /usr/lib/../bin/wish8.4
configure:2066: checking "Tktable" Tcl package
configure:2073: result: yes
configure:2092: checking "snit" Tcl package
configure:2099: result: yes
configure:2118: checking "BLT" Tcl package
configure:2125: result: yes
configure:2144: checking "Toltcl" Tcl package
configure:2151: result: yes
configure:2290: creating ./config.status

## ---------------------- ##
## Running config.status. ##
## ---------------------- ##

This file was extended by config.status, which was
generated by GNU Autoconf 2.57.  Invocation command line was

  CONFIG_FILES    = 
  CONFIG_HEADERS  = 
  CONFIG_LINKS    = 
  CONFIG_COMMANDS = 
  $ ./config.status 

on hirn

config.status:635: creating Makefile

## ---------------- ##
## Cache variables. ##
## ---------------- ##

ac_cv_c_tclconfig=/usr/lib
ac_cv_env_build_alias_set=
ac_cv_env_build_alias_value=
ac_cv_env_host_alias_set=
ac_cv_env_host_alias_value=
ac_cv_env_target_alias_set=
ac_cv_env_target_alias_value=
ac_cv_path_install='/usr/bin/install -c'
ac_cv_path_tclsh=/usr/lib/../bin/tclsh8.4
ac_cv_path_wish=/usr/lib/../bin/wish8.4
ac_cv_prog_AWK=gawk
ac_cv_prog_make_make_set=yes

## ----------------- ##
## Output variables. ##
## ----------------- ##

ACLOCAL='${SHELL} /home/danirus/cvs/tolp/tolbase/tclconfig/missing --run aclocal-1.7'
AMTAR='${SHELL} /home/danirus/cvs/tolp/tolbase/tclconfig/missing --run tar'
AUTOCONF='${SHELL} /home/danirus/cvs/tolp/tolbase/tclconfig/missing --run autoconf'
AUTOHEADER='${SHELL} /home/danirus/cvs/tolp/tolbase/tclconfig/missing --run autoheader'
AUTOMAKE='${SHELL} /home/danirus/cvs/tolp/tolbase/tclconfig/missing --run automake-1.7'
AWK='gawk'
CONFIGDIR='./tclconfig'
CYGPATH='echo'
CYGPATH_W='echo'
DEFS='-DPACKAGE_NAME=\"\" -DPACKAGE_TARNAME=\"\" -DPACKAGE_VERSION=\"\" -DPACKAGE_STRING=\"\" -DPACKAGE_BUGREPORT=\"\" '
ECHO_C=''
ECHO_N='-n'
ECHO_T=''
EXEEXT=''
INSTALL_DATA='${INSTALL} -m 644'
INSTALL_PROGRAM='${INSTALL}'
INSTALL_SCRIPT='${INSTALL}'
INSTALL_STRIP_PROGRAM='${SHELL} $(install_sh) -c -s'
LIBOBJS=''
LIBS=''
LN_S='ln -s'
LTLIBOBJS=''
MAKEINFO='${SHELL} /home/danirus/cvs/tolp/tolbase/tclconfig/missing --run makeinfo'
PACKAGE='tolbase'
PACKAGE_BUGREPORT=''
PACKAGE_NAME=''
PACKAGE_STRING=''
PACKAGE_TARNAME=''
PACKAGE_VERSION=''
PATH_SEPARATOR=':'
SET_MAKE=''
SHELL='/bin/sh'
STRIP=''
TCLSH_PROG='/usr/lib/../bin/tclsh8.4'
TCL_BIN_DIR='/usr/lib'
TCL_DEFS='-DPACKAGE_NAME=\"\" -DPACKAGE_TARNAME=\"\" -DPACKAGE_VERSION=\"\" -DPACKAGE_STRING=\"\" -DPACKAGE_BUGREPORT=\"\" -DSTDC_HEADERS=1 -DHAVE_SYS_TYPES_H=1 -DHAVE_SYS_STAT_H=1 -DHAVE_STDLIB_H=1 -DHAVE_STRING_H=1 -DHAVE_MEMORY_H=1 -DHAVE_STRINGS_H=1 -DHAVE_INTTYPES_H=1 -DHAVE_STDINT_H=1 -DHAVE_UNISTD_H=1 -DHAVE_UNISTD_H=1 -DHAVE_LIMITS_H=1 -D_LARGEFILE64_SOURCE=1 -DTCL_WIDE_INT_TYPE=long\ long -DHAVE_STRUCT_STAT64=1 -DHAVE_TYPE_OFF64_T=1 -DHAVE_GETCWD=1 -DHAVE_OPENDIR=1 -DHAVE_STRSTR=1 -DHAVE_STRTOL=1 -DHAVE_STRTOLL=1 -DHAVE_STRTOULL=1 -DHAVE_TMPNAM=1 -DHAVE_WAITPID=1 -DHAVE_UNISTD_H=1 -DHAVE_SYS_PARAM_H=1 -DUSE_TERMIOS=1 -DHAVE_SYS_TIME_H=1 -DTIME_WITH_SYS_TIME=1 -DHAVE_STRUCT_TM_TM_ZONE=1 -DHAVE_TM_ZONE=1 -DHAVE_GMTIME_R=1 -DHAVE_LOCALTIME_R=1 -DHAVE_TM_GMTOFF=1 -DHAVE_TIMEZONE_VAR=1 -DHAVE_STRUCT_STAT_ST_BLKSIZE=1 -DHAVE_ST_BLKSIZE=1 -DHAVE_SIGNED_CHAR=1 -DHAVE_LANGINFO=1 -DPEEK_XCLOSEIM=1 -DHAVE_SYS_IOCTL_H=1 '
TCL_EXTRA_CFLAGS=''
TCL_LD_FLAGS='-rdynamic'
TCL_LIBS='-ldl  -lieee -lm'
TCL_LIB_FILE='libtcl8.4.so'
TCL_LIB_FLAG='-ltcl8.4'
TCL_LIB_SPEC='-L/usr/lib -ltcl8.4'
TCL_SHLIB_LD_LIBS='${LIBS}'
TCL_SRC_DIR='/usr/src/packages/BUILD/tcl8.4.4'
TCL_STUB_LIB_FILE='libtclstub8.4.a'
TCL_STUB_LIB_FLAG='-ltclstub8.4'
TCL_STUB_LIB_SPEC='-L/usr/lib -ltclstub8.4'
TCL_VERSION='8.4'
VERSION='1.0'
WISH_PROG='/usr/lib/../bin/wish8.4'
ac_aux_dir='tclconfig'
ac_ct_STRIP=''
am__leading_dot='.'
bindir='${exec_prefix}/bin'
build_alias=''
datadir='${prefix}/share'
exec_prefix='/usr'
host_alias=''
includedir='${prefix}/include'
infodir='${prefix}/info'
install_sh='/home/danirus/cvs/tolp/tolbase/tclconfig/install-sh'
libdir='${exec_prefix}/lib'
libexecdir='${exec_prefix}/libexec'
localstatedir='${prefix}/var'
mandir='${prefix}/man'
oldincludedir='/usr/include'
prefix='/usr'
program_transform_name='s,x,x,'
sbindir='${exec_prefix}/sbin'
sharedstatedir='${prefix}/com'
sysconfdir='${prefix}/etc'
target_alias=''

## ----------- ##
## confdefs.h. ##
## ----------- ##

#define PACKAGE_BUGREPORT ""
#define PACKAGE_NAME ""
#define PACKAGE_STRING ""
#define PACKAGE_TARNAME ""
#define PACKAGE_VERSION ""

configure: exit 0
